<?xml version="1.0" encoding="utf-8"?><testsuites name="pytest tests"><testsuite name="pytest" errors="0" failures="0" skipped="0" tests="12" time="4.246" timestamp="2026-01-31T01:01:11.112121+00:00" hostname="agent-env-1540d9ff-2327-481c-bb04-abca2d8ba219"><testcase classname="tests.test_dropbox_integration.TestAuthentication" name="test_login_success" time="0.595" /><testcase classname="tests.test_dropbox_integration.TestAuthentication" name="test_login_invalid_credentials" time="0.298" /><testcase classname="tests.test_dropbox_integration.TestDropboxStatus" name="test_get_dropbox_status" time="0.875" /><testcase classname="tests.test_dropbox_integration.TestDropboxStatus" name="test_dropbox_status_requires_auth" time="0.281" /><testcase classname="tests.test_dropbox_integration.TestDropboxAuthUrl" name="test_get_auth_url" time="0.226" /><testcase classname="tests.test_dropbox_integration.TestDropboxAuthUrl" name="test_auth_url_requires_auth" time="0.213" /><testcase classname="tests.test_dropbox_integration.TestProjects" name="test_get_all_projects" time="0.227" /><testcase classname="tests.test_dropbox_integration.TestProjects" name="test_projects_requires_auth" time="0.227" /><testcase classname="tests.test_dropbox_integration.TestDropboxFolders" name="test_get_folders_not_connected" time="0.227" /><testcase classname="tests.test_dropbox_integration.TestProjectDropboxFiles" name="test_get_project_files_invalid_project" time="0.309" /><testcase classname="tests.test_dropbox_integration.TestDropboxDisconnect" name="test_disconnect_when_not_connected" time="0.294" /><testcase classname="tests.test_dropbox_integration.TestAuthMe" name="test_get_current_user" time="0.291" /></testsuite></testsuites>