<?xml version="1.0" encoding="utf-8"?><testsuites name="pytest tests"><testsuite name="pytest" errors="0" failures="4" skipped="0" tests="12" time="4.304" timestamp="2026-01-31T01:00:47.760815+00:00" hostname="agent-env-1540d9ff-2327-481c-bb04-abca2d8ba219"><testcase classname="tests.test_dropbox_integration.TestAuthentication" name="test_login_success" time="0.669" /><testcase classname="tests.test_dropbox_integration.TestAuthentication" name="test_login_invalid_credentials" time="0.298" /><testcase classname="tests.test_dropbox_integration.TestDropboxStatus" name="test_get_dropbox_status" time="0.882" /><testcase classname="tests.test_dropbox_integration.TestDropboxStatus" name="test_dropbox_status_requires_auth" time="0.216"><failure message="assert 403 == 401&#10; +  where 403 = &lt;Response [403]&gt;.status_code">tests/test_dropbox_integration.py:81: in test_dropbox_status_requires_auth
    assert response.status_code == 401
E   assert 403 == 401
E    +  where 403 = &lt;Response [403]&gt;.status_code</failure></testcase><testcase classname="tests.test_dropbox_integration.TestDropboxAuthUrl" name="test_get_auth_url" time="0.309" /><testcase classname="tests.test_dropbox_integration.TestDropboxAuthUrl" name="test_auth_url_requires_auth" time="0.301"><failure message="assert 403 == 401&#10; +  where 403 = &lt;Response [403]&gt;.status_code">tests/test_dropbox_integration.py:102: in test_auth_url_requires_auth
    assert response.status_code == 401
E   assert 403 == 401
E    +  where 403 = &lt;Response [403]&gt;.status_code</failure></testcase><testcase classname="tests.test_dropbox_integration.TestProjects" name="test_get_all_projects" time="0.227" /><testcase classname="tests.test_dropbox_integration.TestProjects" name="test_projects_requires_auth" time="0.220"><failure message="assert 403 == 401&#10; +  where 403 = &lt;Response [403]&gt;.status_code">tests/test_dropbox_integration.py:121: in test_projects_requires_auth
    assert response.status_code == 401
E   assert 403 == 401
E    +  where 403 = &lt;Response [403]&gt;.status_code</failure></testcase><testcase classname="tests.test_dropbox_integration.TestDropboxFolders" name="test_get_folders_not_connected" time="0.301"><failure message="assert 404 in [200, 400, 403]&#10; +  where 404 = &lt;Response [404]&gt;.status_code">tests/test_dropbox_integration.py:135: in test_get_folders_not_connected
    assert response.status_code in [200, 400, 403]
E   assert 404 in [200, 400, 403]
E    +  where 404 = &lt;Response [404]&gt;.status_code</failure></testcase><testcase classname="tests.test_dropbox_integration.TestProjectDropboxFiles" name="test_get_project_files_invalid_project" time="0.226" /><testcase classname="tests.test_dropbox_integration.TestDropboxDisconnect" name="test_disconnect_when_not_connected" time="0.289" /><testcase classname="tests.test_dropbox_integration.TestAuthMe" name="test_get_current_user" time="0.228" /></testsuite></testsuites>